<?xml version="1.0" encoding="UTF-8"?>
<testng-results total="1" passed="1" failed="0" skipped="0">
  <reporter-output>
  </reporter-output>
  <suite started-at="2023-11-30T17:39:40Z" name="Suite" finished-at="2023-11-30T17:41:59Z" duration-ms="138377">
    <groups>
    </groups>
    <test started-at="2023-11-30T17:39:40Z" name="Test" finished-at="2023-11-30T17:41:59Z" duration-ms="138377">
      <class name="com.impotant.desk.Lec1">
        <test-method signature="firgprog()[pri:0, instance:com.impotant.desk.Lec1@236e3f4e]" started-at="2023-11-30T23:09:40Z" name="firgprog" finished-at="2023-11-30T23:11:59Z" duration-ms="138367" status="PASS">
          <reporter-output>
          </reporter-output>
        </test-method> <!-- firgprog -->
      </class> <!-- com.impotant.desk.Lec1 -->
    </test> <!-- Test -->
  </suite> <!-- Suite -->
</testng-results>
