<?xml version="1.0" encoding="UTF-8"?>
<testng-results ignored="0" total="1" passed="1" failed="0" skipped="0">
  <reporter-output>
  </reporter-output>
  <suite started-at="2023-11-26T00:51:07 IST" name="Suite" finished-at="2023-11-26T00:52:50 IST" duration-ms="103377">
    <groups>
    </groups>
    <test started-at="2023-11-26T00:51:07 IST" name="Test" finished-at="2023-11-26T00:52:50 IST" duration-ms="103377">
      <class name="com.impotant.desk.Lec1">
        <test-method signature="firgprog()[pri:0, instance:com.impotant.desk.Lec1@6e171cd7]" started-at="2023-11-26T00:51:07 IST" name="firgprog" finished-at="2023-11-26T00:52:50 IST" duration-ms="103234" status="PASS">
          <reporter-output>
          </reporter-output>
        </test-method> <!-- firgprog -->
      </class> <!-- com.impotant.desk.Lec1 -->
    </test> <!-- Test -->
  </suite> <!-- Suite -->
</testng-results>
